Build started 5/1/2015 5:14:49 PM.
     1>Project "C:\Users\Meghan\Documents\Visual Studio 2013\Projects\TicTacToeNetworking\TicTacToeNetworking.vcxproj" on node 2 (Build target(s)).
     1>ClCompile:
         C:\Program Files (x86)\Microsoft Visual Studio 12.0\VC\bin\CL.exe /c /ZI /nologo /W3 /WX- /sdl /Od /Oy- /D WIN32 /D _DEBUG /D _CONSOLE /D _LIB /D _UNICODE /D UNICODE /Gm /EHsc /RTC1 /MDd /GS /fp:precise /Zc:wchar_t /Zc:forScope /Fo"Debug\\" /Fd"Debug\vc120.pdb" /Gd /TP /analyze- /errorReport:prompt "..\..\..\..\Downloads\tictactoe files\TicTacToe Files\play_Nim.cpp"
         play_Nim.cpp
     1>c:\users\meghan\downloads\tictactoe files\tictactoe files\play_nim.cpp(206): warning C4018: '<=' : signed/unsigned mismatch
     1>c:\users\meghan\downloads\tictactoe files\tictactoe files\play_nim.cpp(356): warning C4018: '<' : signed/unsigned mismatch
       Link:
         C:\Program Files (x86)\Microsoft Visual Studio 12.0\VC\bin\link.exe /ERRORREPORT:PROMPT /OUT:"C:\Users\Meghan\Documents\Visual Studio 2013\Projects\TicTacToeNetworking\Debug\TicTacToeNetworking.exe" /INCREMENTAL /NOLOGO kernel32.lib user32.lib gdi32.lib winspool.lib comdlg32.lib advapi32.lib shell32.lib ole32.lib oleaut32.lib uuid.lib odbc32.lib odbccp32.lib /MANIFEST /MANIFESTUAC:"level='asInvoker' uiAccess='false'" /manifest:embed /DEBUG /PDB:"C:\Users\Meghan\Documents\Visual Studio 2013\Projects\TicTacToeNetworking\Debug\TicTacToeNetworking.pdb" /SUBSYSTEM:CONSOLE /TLBID:1 /DYNAMICBASE /NXCOMPAT /IMPLIB:"C:\Users\Meghan\Documents\Visual Studio 2013\Projects\TicTacToeNetworking\Debug\TicTacToeNetworking.lib" /MACHINE:X86 Debug\client_main.obj
         Debug\getServers.obj
         Debug\play_Nim.obj
         Debug\server_main.obj
         Debug\connectSock.obj
         Debug\passiveSock.obj
         Debug\UDP_recv.obj
         Debug\UDP_send.obj
         Debug\wait.obj
         TicTacToeNetworking.vcxproj -> C:\Users\Meghan\Documents\Visual Studio 2013\Projects\TicTacToeNetworking\Debug\TicTacToeNetworking.exe
     1>Done Building Project "C:\Users\Meghan\Documents\Visual Studio 2013\Projects\TicTacToeNetworking\TicTacToeNetworking.vcxproj" (Build target(s)).

Build succeeded.

Time Elapsed 00:00:02.08
